<?xml version="1.0" encoding="utf-8"?><testsuites><testsuite errors="0" failures="0" hostname="LambertPC" name="pytest" skipped="0" tests="4" time="0.704" timestamp="2020-02-19T22:28:01.489063"><testcase classname="test_area.AreaResourceTests" file="..\..\..\Users\eyongegbe\PycharmProjects\football-data-tests\test_area.py" line="3" name="test_make_area_resource_request" time="0.198"></testcase><testcase classname="test_player.PlayerResourceTests" file="..\..\..\Users\eyongegbe\PycharmProjects\football-data-tests\test_player.py" line="3" name="test_player_request_with_authentication" time="0.126"></testcase><testcase classname="test_player.PlayerResourceTests" file="..\..\..\Users\eyongegbe\PycharmProjects\football-data-tests\test_player.py" line="9" name="test_player_request_without_authentication" time="0.069"></testcase><testcase classname="test_player.PlayerResourceTests" file="..\..\..\Users\eyongegbe\PycharmProjects\football-data-tests\test_player.py" line="14" name="test_get_players_information" time="0.080"></testcase></testsuite></testsuites>