<?xml version="1.0" encoding="utf-8"?><testsuites><testsuite errors="0" failures="0" hostname="LambertPC" name="pytest" skipped="0" tests="4" time="0.843" timestamp="2020-02-20T00:42:02.167598"><testcase classname="tests.test_area.AreaResourceTests" file="tests\test_area.py" line="3" name="test_make_area_resource_request" time="0.125"></testcase><testcase classname="tests.test_player.PlayerResourceTests" file="tests\test_player.py" line="3" name="test_player_request_with_authentication" time="0.108"></testcase><testcase classname="tests.test_player.PlayerResourceTests" file="tests\test_player.py" line="9" name="test_player_request_without_authentication" time="0.063"></testcase><testcase classname="tests.test_player.PlayerResourceTests" file="tests\test_player.py" line="14" name="test_get_players_information" time="0.079"></testcase></testsuite></testsuites>